<?xml version="1.0" encoding="UTF-8"?>
<coverage generated="1662928610">
  <project timestamp="1662928610">
    <file name="/app/src/SignalHandler.php">
      <class name="Jtrw\PosixSignal\SignalHandler" namespace="global">
        <metrics complexity="15" methods="11" coveredmethods="8" conditionals="0" coveredconditionals="0" statements="17" coveredstatements="13" elements="28" coveredelements="21"/>
      </class>
      <line num="27" type="method" name="__construct" visibility="public" complexity="1" crap="1" count="1"/>
      <line num="29" type="stmt" count="1"/>
      <line num="35" type="method" name="terminate" visibility="public" complexity="2" crap="2" count="1"/>
      <line num="37" type="stmt" count="1"/>
      <line num="38" type="stmt" count="1"/>
      <line num="45" type="method" name="isTerminate" visibility="protected" complexity="1" crap="2" count="0"/>
      <line num="47" type="stmt" count="0"/>
      <line num="53" type="method" name="finish" visibility="private" complexity="1" crap="1" count="1"/>
      <line num="55" type="stmt" count="1"/>
      <line num="62" type="method" name="sendSignal" visibility="protected" complexity="1" crap="1" count="1"/>
      <line num="64" type="stmt" count="1"/>
      <line num="70" type="method" name="registered" visibility="private" complexity="1" crap="1" count="1"/>
      <line num="72" type="stmt" count="1"/>
      <line num="74" type="stmt" count="1"/>
      <line num="75" type="stmt" count="1"/>
      <line num="81" type="method" name="registeredTerminatedSignals" visibility="private" complexity="2" crap="2" count="1"/>
      <line num="83" type="stmt" count="1"/>
      <line num="84" type="stmt" count="1"/>
      <line num="91" type="method" name="registeredUserSignals" visibility="private" complexity="2" crap="2" count="1"/>
      <line num="93" type="stmt" count="1"/>
      <line num="94" type="stmt" count="1"/>
      <line num="102" type="method" name="handle" visibility="public" complexity="2" crap="6" count="0"/>
      <line num="104" type="stmt" count="0"/>
      <line num="105" type="stmt" count="0"/>
      <line num="113" type="method" name="isTerminatedSignal" visibility="private" complexity="1" crap="2" count="0"/>
      <line num="115" type="stmt" count="0"/>
      <line num="121" type="method" name="getPid" visibility="private" complexity="1" crap="1" count="1"/>
      <line num="123" type="stmt" count="1"/>
      <metrics loc="126" ncloc="90" classes="1" methods="11" coveredmethods="8" conditionals="0" coveredconditionals="0" statements="17" coveredstatements="13" elements="28" coveredelements="21"/>
    </file>
    <metrics files="1" loc="126" ncloc="90" classes="1" methods="11" coveredmethods="8" conditionals="0" coveredconditionals="0" statements="17" coveredstatements="13" elements="28" coveredelements="21"/>
  </project>
</coverage>
