<?xml version="1.0" encoding="UTF-8"?>
<testsuites>
  <testsuite name="" tests="1" assertions="2" errors="0" warnings="0" failures="0" skipped="0" time="0.017065">
    <testsuite name=":vendor Test Suite" tests="1" assertions="2" errors="0" warnings="0" failures="0" skipped="0" time="0.017065">
      <testsuite name="Jtrw\PosixSignal\Tests\SignalHandlerTest" file="/Users/nil/Sites/posix-signal-handler/tests/SignalHandlerTest.php" tests="1" assertions="2" errors="0" warnings="0" failures="0" skipped="0" time="0.017065">
        <testcase name="testTerminate" class="Jtrw\PosixSignal\Tests\SignalHandlerTest" classname="Jtrw.PosixSignal.Tests.SignalHandlerTest" file="/Users/nil/Sites/posix-signal-handler/tests/SignalHandlerTest.php" line="10" assertions="2" time="0.017065"/>
      </testsuite>
    </testsuite>
  </testsuite>
</testsuites>
